# JRE version: OpenJDK Runtime Environment Corretto-21.0.4.7.1 (21.0.4+7) (build 21.0.4+7-LTS)
# Java VM: OpenJDK 64-Bit Server VM Corretto-21.0.4.7.1 (21.0.4+7-LTS, mixed mode, emulated-client, sharing, tiered, compressed oops, compressed class ptrs, g1 gc, windows-amd64)
GC Precious Log:
 CardTable entry size: 512
 Card Set container configuration: InlinePtr #cards 5 size 8 Array Of Cards #cards 12 size 40 Howl #buckets 4 coarsen threshold 1843 Howl Bitmap #cards 512 size 80 coarsen threshold 460 Card regions per heap region 1 cards per card region 2048
 CPUs: 4 total, 4 available
 Memory: 7861M
 Large Page Support: Disabled
 NUMA Support: Disabled
 Compressed Oops: Enabled (32-bit)
 Heap Region Size: 1M
 Heap Min Capacity: 8M
 Heap Initial Capacity: 124M
 Heap Max Capacity: 1966M
 Pre-touch: Disabled
 Parallel Workers: 4
 Concurrent Workers: 1
 Concurrent Refinement Workers: 4
 Periodic GC: Disabled
Heap:
 garbage-first heap   total 80896K, used 45610K [0x0000000085200000, 0x0000000100000000)
  region size 1024K, 3 young (3072K), 3 survivors (3072K)
 Metaspace       used 66606K, committed 67392K, reserved 1114112K
  class space    used 9323K, committed 9664K, reserved 1048576K
GC Heap History (20 events):
Event: 4.893 GC heap after
{Heap after GC invocations=9 (full 0):
 garbage-first heap   total 66560K, used 23088K [0x0000000085200000, 0x0000000100000000)
  region size 1024K, 2 young (2048K), 2 survivors (2048K)
 Metaspace       used 34661K, committed 35200K, reserved 1114112K
  class space    used 4591K, committed 4864K, reserved 1048576K
}
Event: 6.375 GC heap before
{Heap before GC invocations=10 (full 0):
 garbage-first heap   total 66560K, used 54832K [0x0000000085200000, 0x0000000100000000)
  region size 1024K, 33 young (33792K), 2 survivors (2048K)
 Metaspace       used 42573K, committed 43136K, reserved 1114112K
  class space    used 5757K, committed 6016K, reserved 1048576K
}
Event: 6.382 GC heap after
{Heap after GC invocations=11 (full 0):
 garbage-first heap   total 66560K, used 25026K [0x0000000085200000, 0x0000000100000000)
  region size 1024K, 4 young (4096K), 4 survivors (4096K)
 Metaspace       used 42573K, committed 43136K, reserved 1114112K
  class space    used 5757K, committed 6016K, reserved 1048576K
}
Event: 7.241 GC heap before
{Heap before GC invocations=11 (full 0):
 garbage-first heap   total 66560K, used 55746K [0x0000000085200000, 0x0000000100000000)
  region size 1024K, 34 young (34816K), 4 survivors (4096K)
 Metaspace       used 51694K, committed 52352K, reserved 1114112K
  class space    used 7055K, committed 7360K, reserved 1048576K
}
Event: 7.250 GC heap after
{Heap after GC invocations=12 (full 0):
 garbage-first heap   total 66560K, used 26621K [0x0000000085200000, 0x0000000100000000)
  region size 1024K, 5 young (5120K), 5 survivors (5120K)
 Metaspace       used 51694K, committed 52352K, reserved 1114112K
  class space    used 7055K, committed 7360K, reserved 1048576K
}
Event: 7.801 GC heap before
{Heap before GC invocations=12 (full 0):
 garbage-first heap   total 66560K, used 56317K [0x0000000085200000, 0x0000000100000000)
  region size 1024K, 34 young (34816K), 5 survivors (5120K)
 Metaspace       used 56095K, committed 56768K, reserved 1114112K
  class space    used 7823K, committed 8128K, reserved 1048576K
}
Event: 7.806 GC heap after
{Heap after GC invocations=13 (full 0):
 garbage-first heap   total 66560K, used 27839K [0x0000000085200000, 0x0000000100000000)
  region size 1024K, 4 young (4096K), 4 survivors (4096K)
 Metaspace       used 56095K, committed 56768K, reserved 1114112K
  class space    used 7823K, committed 8128K, reserved 1048576K
}
Event: 8.524 GC heap before
{Heap before GC invocations=13 (full 0):
 garbage-first heap   total 66560K, used 41151K [0x0000000085200000, 0x0000000100000000)
  region size 1024K, 18 young (18432K), 4 survivors (4096K)
 Metaspace       used 58974K, committed 59648K, reserved 1114112K
  class space    used 8244K, committed 8576K, reserved 1048576K
}
Event: 8.529 GC heap after
{Heap after GC invocations=14 (full 0):
 garbage-first heap   total 66560K, used 29151K [0x0000000085200000, 0x0000000100000000)
  region size 1024K, 3 young (3072K), 3 survivors (3072K)
 Metaspace       used 58974K, committed 59648K, reserved 1114112K
  class space    used 8244K, committed 8576K, reserved 1048576K
}
Event: 8.922 GC heap before
{Heap before GC invocations=15 (full 0):
 garbage-first heap   total 66560K, used 58847K [0x0000000085200000, 0x0000000100000000)
  region size 1024K, 32 young (32768K), 3 survivors (3072K)
 Metaspace       used 61103K, committed 61760K, reserved 1114112K
  class space    used 8577K, committed 8896K, reserved 1048576K
}
Event: 8.929 GC heap after
{Heap after GC invocations=16 (full 0):
 garbage-first heap   total 66560K, used 31481K [0x0000000085200000, 0x0000000100000000)
  region size 1024K, 4 young (4096K), 4 survivors (4096K)
 Metaspace       used 61103K, committed 61760K, reserved 1114112K
  class space    used 8577K, committed 8896K, reserved 1048576K
}
Event: 9.056 GC heap before
{Heap before GC invocations=16 (full 0):
 garbage-first heap   total 66560K, used 58105K [0x0000000085200000, 0x0000000100000000)
  region size 1024K, 30 young (30720K), 4 survivors (4096K)
 Metaspace       used 61340K, committed 62016K, reserved 1114112K
  class space    used 8597K, committed 8896K, reserved 1048576K
}
Event: 9.063 GC heap after
{Heap after GC invocations=17 (full 0):
 garbage-first heap   total 66560K, used 31665K [0x0000000085200000, 0x0000000100000000)
  region size 1024K, 3 young (3072K), 3 survivors (3072K)
 Metaspace       used 61340K, committed 62016K, reserved 1114112K
  class space    used 8597K, committed 8896K, reserved 1048576K
}
Event: 9.366 GC heap before
{Heap before GC invocations=17 (full 0):
 garbage-first heap   total 66560K, used 59313K [0x0000000085200000, 0x0000000100000000)
  region size 1024K, 30 young (30720K), 3 survivors (3072K)
 Metaspace       used 63670K, committed 64384K, reserved 1114112K
  class space    used 8919K, committed 9216K, reserved 1048576K
}
Event: 9.371 GC heap after
{Heap after GC invocations=18 (full 0):
 garbage-first heap   total 66560K, used 33278K [0x0000000085200000, 0x0000000100000000)
  region size 1024K, 3 young (3072K), 3 survivors (3072K)
 Metaspace       used 63670K, committed 64384K, reserved 1114112K
  class space    used 8919K, committed 9216K, reserved 1048576K
}
Event: 9.821 GC heap before
{Heap before GC invocations=18 (full 0):
 garbage-first heap   total 66560K, used 56830K [0x0000000085200000, 0x0000000100000000)
  region size 1024K, 27 young (27648K), 3 survivors (3072K)
 Metaspace       used 66530K, committed 67264K, reserved 1114112K
  class space    used 9305K, committed 9600K, reserved 1048576K
}
Event: 9.826 GC heap after
{Heap after GC invocations=19 (full 0):
 garbage-first heap   total 66560K, used 34996K [0x0000000085200000, 0x0000000100000000)
  region size 1024K, 4 young (4096K), 4 survivors (4096K)
 Metaspace       used 66530K, committed 67264K, reserved 1114112K
  class space    used 9305K, committed 9600K, reserved 1048576K
}
Event: 9.910 GC heap before
{Heap before GC invocations=20 (full 0):
 garbage-first heap   total 66560K, used 57524K [0x0000000085200000, 0x0000000100000000)
  region size 1024K, 26 young (26624K), 4 survivors (4096K)
 Metaspace       used 66556K, committed 67264K, reserved 1114112K
  class space    used 9309K, committed 9600K, reserved 1048576K
}
Event: 9.917 GC heap after
{Heap after GC invocations=21 (full 0):
 garbage-first heap   total 67584K, used 39936K [0x0000000085200000, 0x0000000100000000)
  region size 1024K, 4 young (4096K), 4 survivors (4096K)
 Metaspace       used 66556K, committed 67264K, reserved 1114112K
  class space    used 9309K, committed 9600K, reserved 1048576K
}
Event: 9.989 GC heap before
{Heap before GC invocations=21 (full 0):
 garbage-first heap   total 67584K, used 58368K [0x0000000085200000, 0x0000000100000000)
  region size 1024K, 23 young (23552K), 4 survivors (4096K)
 Metaspace       used 66606K, committed 67392K, reserved 1114112K
  class space    used 9323K, committed 9664K, reserved 1048576K
}

